<?xml version="1.0" encoding="UTF-8"?>
<!-- Generated by org.testng.reporters.JUnitReportReporter -->
<testsuite hostname="WKWIN5154091" failures="0" tests="1" name="com.qa.test.BasicAuthHandle" time="1.620" errors="0" timestamp="08 Oct 2019 11:08:52 GMT" skipped="0">
  <testcase classname="com.qa.test.BasicAuthHandle" name="handleBasicAuthHttpClient" time="1.620"/>
</testsuite> <!-- com.qa.test.BasicAuthHandle -->
