<?xml version="1.0" encoding="UTF-8"?>
<!-- Generated by org.testng.reporters.JUnitReportReporter -->
<testsuite hostname="WKWIN5154091" failures="0" tests="1" name="com.qa.test.BasicAuthHandle" time="1.576" errors="0" timestamp="13 Oct 2019 08:52:32 GMT" skipped="0">
  <testcase classname="com.qa.test.BasicAuthHandle" name="handleBasicAuthHttpClient" time="1.576"/>
</testsuite> <!-- com.qa.test.BasicAuthHandle -->
