<?xml version="1.0" encoding="UTF-8"?>
<!-- Generated by org.testng.reporters.JUnitReportReporter -->
<testsuite hostname="WKWIN5154091" failures="0" tests="1" name="com.qa.test.GoRestPost" time="1.181" errors="0" timestamp="13 Oct 2019 09:51:10 GMT" skipped="0">
  <testcase classname="com.qa.test.GoRestPost" name="postTestGoRest" time="1.181"/>
</testsuite> <!-- com.qa.test.GoRestPost -->
