<?xml version="1.0" encoding="UTF-8"?>
<!-- Generated by org.testng.reporters.JUnitReportReporter -->
<testsuite hostname="WKWIN5154091" failures="0" tests="1" name="com.qa.test.DeleteAPITest" time="2.753" errors="0" timestamp="29 Sep 2019 10:42:41 GMT" skipped="0">
  <testcase classname="com.qa.test.DeleteAPITest" name="deleteTest" time="2.753"/>
</testsuite> <!-- com.qa.test.DeleteAPITest -->
