<?xml version="1.0" encoding="UTF-8"?>
<!-- Generated by org.testng.reporters.JUnitReportReporter -->
<testsuite hostname="WKWIN5154091" failures="0" tests="1" name="com.qa.test.AuthHandle" time="1.659" errors="0" timestamp="11 Dec 2019 01:40:23 GMT" skipped="0">
  <testcase classname="com.qa.test.AuthHandle" name="handleBasicAuth" time="1.659"/>
</testsuite> <!-- com.qa.test.AuthHandle -->
