<?xml version="1.0" encoding="UTF-8"?>
<!-- Generated by org.testng.reporters.JUnitReportReporter -->
<testsuite hostname="WKWIN5154091" failures="0" tests="1" name="com.qa.test.PostAPTTest" time="2.359" errors="0" timestamp="24 Sep 2019 08:18:45 GMT" skipped="0">
  <testcase classname="com.qa.test.PostAPTTest" name="postTestWithHeaders" time="2.359"/>
</testsuite> <!-- com.qa.test.PostAPTTest -->
