<?xml version="1.0" encoding="UTF-8"?>
<!-- Generated by org.testng.reporters.JUnitReportReporter -->
<testsuite hostname="WKWIN5154091" failures="0" tests="1" name="com.qa.test.GetAPITest" time="1.081" errors="0" timestamp="23 Sep 2019 10:22:38 GMT" skipped="0">
  <testcase classname="com.qa.test.GetAPITest" name="iterateThroughJsonArray" time="1.081"/>
</testsuite> <!-- com.qa.test.GetAPITest -->
